TN:
SF:src\delivery.js
FN:1,calculateDateisRush
FN:19,calculateDateisNotRush
FN:39,deliveryDate
FNF:3
FNH:3
FNDA:5,calculateDateisRush
FNDA:6,calculateDateisNotRush
FNDA:11,deliveryDate
DA:3,5
DA:7,2
DA:8,3
DA:12,2
DA:14,1
DA:16,5
DA:21,6
DA:26,3
DA:27,3
DA:31,2
DA:33,1
DA:35,6
DA:40,11
DA:41,5
DA:43,6
DA:47,1
LF:16
LH:16
BRDA:3,0,0,2
BRDA:3,0,1,3
BRDA:8,1,0,2
BRDA:8,1,1,1
BRDA:21,2,0,3
BRDA:21,2,1,3
BRDA:27,3,0,2
BRDA:27,3,1,1
BRDA:40,4,0,5
BRDA:40,4,1,6
BRF:10
BRH:10
end_of_record
TN:
SF:src\employee.js
FN:2,(anonymous_0)
FN:8,(anonymous_1)
FN:14,(anonymous_2)
FNF:3
FNH:3
FNDA:4,(anonymous_0)
FNDA:4,(anonymous_1)
FNDA:3,(anonymous_2)
DA:3,4
DA:4,3
DA:5,3
DA:9,4
DA:10,1
DA:15,3
DA:19,1
LF:7
LH:7
BRDA:9,0,0,1
BRDA:9,0,1,3
BRF:2
BRH:2
end_of_record
TN:
SF:src\print.js
FN:1,calculateOutstanding
FN:3,(anonymous_1)
FN:9,recordDate
FN:19,printDetail
FN:32,createInvoiceData
FN:41,printOwing
FNF:6
FNH:6
FNDA:1,calculateOutstanding
FNDA:2,(anonymous_1)
FNDA:1,recordDate
FNDA:1,printDetail
FNDA:1,createInvoiceData
FNDA:1,printOwing
DA:2,1
DA:3,1
DA:4,2
DA:6,1
DA:10,1
DA:11,1
DA:16,1
DA:21,1
DA:25,1
DA:29,1
DA:33,1
DA:35,1
DA:36,1
DA:38,1
DA:42,1
DA:44,1
DA:47,1
LF:17
LH:17
BRDA:2,0,0,0
BRDA:2,0,1,1
BRF:2
BRH:1
end_of_record
